In file included from ../ext/bson.h:17:0,
                 from ../ext/bson.cc:36:
../node_modules/nan/nan.h: In function ‘v8::Local<v8::Signature> NanNew(v8::Handle<v8::FunctionTemplate>, int, v8::Handle<v8::FunctionTemplate>*)’:
../node_modules/nan/nan.h:189:78: error: no matching function for call to ‘v8::Signature::New(v8::Isolate*&, v8::Handle<v8::FunctionTemplate>&, int&, v8::Handle<v8::FunctionTemplate>*&)’
../node_modules/nan/nan.h:189:78: note: candidate is:
/home/pi/.node-gyp/0.11.12/deps/v8/include/v8.h:3585:27: note: static v8::Local<v8::Signature> v8::Signature::New(v8::Handle<v8::FunctionTemplate>, int, v8::Handle<v8::FunctionTemplate>*)
/home/pi/.node-gyp/0.11.12/deps/v8/include/v8.h:3585:27: note:   candidate expects 3 arguments, 4 provided
../node_modules/nan/nan.h: In function ‘v8::Local<T> NanNew() [with T = v8::Array]’:
../node_modules/nan/nan.h:217:52: error: invalid conversion from ‘v8::Isolate*’ to ‘int’ [-fpermissive]
/home/pi/.node-gyp/0.11.12/deps/v8/include/v8.h:2335:23: error:   initializing argument 1 of ‘static v8::Local<v8::Array> v8::Array::New(int)’ [-fpermissive]
../node_modules/nan/nan.h: In function ‘v8::Local<T> NanNew(P) [with T = v8::Array, P = int]’:
../node_modules/nan/nan.h:222:60: error: no matching function for call to ‘v8::Array::New(v8::Isolate*, int&)’
../node_modules/nan/nan.h:222:60: note: candidate is:
/home/pi/.node-gyp/0.11.12/deps/v8/include/v8.h:2335:23: note: static v8::Local<v8::Array> v8::Array::New(int)
/home/pi/.node-gyp/0.11.12/deps/v8/include/v8.h:2335:23: note:   candidate expects 1 argument, 2 provided
../node_modules/nan/nan.h: In function ‘v8::Local<T> NanNew(P) [with T = v8::Date, P = double]’:
../node_modules/nan/nan.h:227:57: error: no matching function for call to ‘v8::Date::New(v8::Isolate*, double&)’
../node_modules/nan/nan.h:227:57: note: candidate is:
/home/pi/.node-gyp/0.11.12/deps/v8/include/v8.h:2866:23: note: static v8::Local<v8::Value> v8::Date::New(double)
/home/pi/.node-gyp/0.11.12/deps/v8/include/v8.h:2866:23: note:   candidate expects 1 argument, 2 provided
../node_modules/nan/nan.h:227:70: error: expected primary-expression before ‘>’ token
../node_modules/nan/nan.h:227:72: error: expected primary-expression before ‘)’ token
../node_modules/nan/nan.h: In function ‘v8::Local<T> NanNew(P) [with T = v8::Date, P = int]’:
../node_modules/nan/nan.h:232:57: error: no matching function for call to ‘v8::Date::New(v8::Isolate*, int&)’
../node_modules/nan/nan.h:232:57: note: candidate is:
/home/pi/.node-gyp/0.11.12/deps/v8/include/v8.h:2866:23: note: static v8::Local<v8::Value> v8::Date::New(double)
/home/pi/.node-gyp/0.11.12/deps/v8/include/v8.h:2866:23: note:   candidate expects 1 argument, 2 provided
../node_modules/nan/nan.h:232:70: error: expected primary-expression before ‘>’ token
../node_modules/nan/nan.h:232:72: error: expected primary-expression before ‘)’ token
../node_modules/nan/nan.h: At global scope:
../node_modules/nan/nan.h:235:11: error: ‘UnboundScript’ in namespace ‘v8’ does not name a type
../node_modules/nan/nan.h: In function ‘v8::Local<T> NanNew(P, const v8::ScriptOrigin&)’:
../node_modules/nan/nan.h:243:9: error: ‘v8::ScriptCompiler’ has not been declared
../node_modules/nan/nan.h:243:32: error: expected ‘;’ before ‘source’
../node_modules/nan/nan.h:244:16: error: ‘v8::ScriptCompiler’ has not been declared
../node_modules/nan/nan.h:245:37: error: ‘source’ was not declared in this scope
../node_modules/nan/nan.h: At global scope:
../node_modules/nan/nan.h:249:24: error: ‘NanUnboundScript’ was not declared in this scope
../node_modules/nan/nan.h:249:40: error: template argument 1 is invalid
../node_modules/nan/nan.h:249:49: error: ‘NanUnboundScript’ was not declared in this scope
../node_modules/nan/nan.h:249:42: error: template-id ‘NanNew<<expression error> >’ for ‘int NanNew(v8::Local<v8::String>)’ does not match any template declaration
../node_modules/nan/nan.h: In function ‘v8::Local<T> NanNew(P) [with T = v8::NumberObject, P = double]’:
../node_modules/nan/nan.h:279:39: error: no matching function for call to ‘v8::NumberObject::New(v8::Isolate*, double&)’
../node_modules/nan/nan.h:279:39: note: candidate is:
/home/pi/.node-gyp/0.11.12/deps/v8/include/v8.h:2904:23: note: static v8::Local<v8::Value> v8::NumberObject::New(double)
/home/pi/.node-gyp/0.11.12/deps/v8/include/v8.h:2904:23: note:   candidate expects 1 argument, 2 provided
../node_modules/nan/nan.h:279:60: error: expected primary-expression before ‘>’ token
../node_modules/nan/nan.h:279:62: error: expected primary-expression before ‘)’ token
../node_modules/nan/nan.h: In function ‘v8::Local<T> NanNew(P) [with T = v8::Uint32, P = int]’:
../node_modules/nan/nan.h:309:39: error: invalid conversion from ‘v8::Isolate*’ to ‘uint32_t {aka unsigned int}’ [-fpermissive]
/home/pi/.node-gyp/0.11.12/deps/v8/include/v8.h:1965:25: error:   initializing argument 1 of ‘static v8::Local<v8::Integer> v8::Integer::NewFromUnsigned(uint32_t, v8::Isolate*)’ [-fpermissive]
../node_modules/nan/nan.h:309:39: error: invalid conversion from ‘int32_t {aka int}’ to ‘v8::Isolate*’ [-fpermissive]
/home/pi/.node-gyp/0.11.12/deps/v8/include/v8.h:1965:25: error:   initializing argument 2 of ‘static v8::Local<v8::Integer> v8::Integer::NewFromUnsigned(uint32_t, v8::Isolate*)’ [-fpermissive]
../node_modules/nan/nan.h: In function ‘v8::Local<T> NanNew(P) [with T = v8::Uint32, P = unsigned int]’:
../node_modules/nan/nan.h:315:39: error: invalid conversion from ‘v8::Isolate*’ to ‘uint32_t {aka unsigned int}’ [-fpermissive]
/home/pi/.node-gyp/0.11.12/deps/v8/include/v8.h:1965:25: error:   initializing argument 1 of ‘static v8::Local<v8::Integer> v8::Integer::NewFromUnsigned(uint32_t, v8::Isolate*)’ [-fpermissive]
../node_modules/nan/nan.h:315:39: error: invalid conversion from ‘uint32_t {aka unsigned int}’ to ‘v8::Isolate*’ [-fpermissive]
/home/pi/.node-gyp/0.11.12/deps/v8/include/v8.h:1965:25: error:   initializing argument 2 of ‘static v8::Local<v8::Integer> v8::Integer::NewFromUnsigned(uint32_t, v8::Isolate*)’ [-fpermissive]
../node_modules/nan/nan.h: In function ‘v8::Local<T> NanNew(P) [with T = v8::Int32, P = int]’:
../node_modules/nan/nan.h:320:57: error: invalid conversion from ‘v8::Isolate*’ to ‘int32_t {aka int}’ [-fpermissive]
/home/pi/.node-gyp/0.11.12/deps/v8/include/v8.h:1964:25: error:   initializing argument 1 of ‘static v8::Local<v8::Integer> v8::Integer::New(int32_t, v8::Isolate*)’ [-fpermissive]
../node_modules/nan/nan.h:320:57: error: invalid conversion from ‘int32_t {aka int}’ to ‘v8::Isolate*’ [-fpermissive]
/home/pi/.node-gyp/0.11.12/deps/v8/include/v8.h:1964:25: error:   initializing argument 2 of ‘static v8::Local<v8::Integer> v8::Integer::New(int32_t, v8::Isolate*)’ [-fpermissive]
../node_modules/nan/nan.h: In function ‘v8::Local<T> NanNew(P) [with T = v8::Int32, P = unsigned int]’:
../node_modules/nan/nan.h:325:57: error: invalid conversion from ‘v8::Isolate*’ to ‘int32_t {aka int}’ [-fpermissive]
/home/pi/.node-gyp/0.11.12/deps/v8/include/v8.h:1964:25: error:   initializing argument 1 of ‘static v8::Local<v8::Integer> v8::Integer::New(int32_t, v8::Isolate*)’ [-fpermissive]
../node_modules/nan/nan.h:325:57: error: invalid conversion from ‘uint32_t {aka unsigned int}’ to ‘v8::Isolate*’ [-fpermissive]
/home/pi/.node-gyp/0.11.12/deps/v8/include/v8.h:1964:25: error:   initializing argument 2 of ‘static v8::Local<v8::Integer> v8::Integer::New(int32_t, v8::Isolate*)’ [-fpermissive]
../node_modules/nan/nan.h: In function ‘v8::Local<v8::String> NanNew(v8::String::ExternalStringResource*)’:
../node_modules/nan/nan.h:477:71: error: no matching function for call to ‘v8::String::NewExternal(v8::Isolate*, v8::String::ExternalStringResource*&)’
../node_modules/nan/nan.h:477:71: note: candidates are:
/home/pi/.node-gyp/0.11.12/deps/v8/include/v8.h:1791:24: note: static v8::Local<v8::String> v8::String::NewExternal(v8::String::ExternalStringResource*)
/home/pi/.node-gyp/0.11.12/deps/v8/include/v8.h:1791:24: note:   candidate expects 1 argument, 2 provided
/home/pi/.node-gyp/0.11.12/deps/v8/include/v8.h:1812:24: note: static v8::Local<v8::String> v8::String::NewExternal(v8::String::ExternalAsciiStringResource*)
/home/pi/.node-gyp/0.11.12/deps/v8/include/v8.h:1812:24: note:   candidate expects 1 argument, 2 provided
../node_modules/nan/nan.h: In function ‘v8::Local<v8::String> NanNew(v8::String::ExternalAsciiStringResource*)’:
../node_modules/nan/nan.h:482:71: error: no matching function for call to ‘v8::String::NewExternal(v8::Isolate*, v8::String::ExternalAsciiStringResource*&)’
../node_modules/nan/nan.h:482:71: note: candidates are:
/home/pi/.node-gyp/0.11.12/deps/v8/include/v8.h:1791:24: note: static v8::Local<v8::String> v8::String::NewExternal(v8::String::ExternalStringResource*)
/home/pi/.node-gyp/0.11.12/deps/v8/include/v8.h:1791:24: note:   candidate expects 1 argument, 2 provided
/home/pi/.node-gyp/0.11.12/deps/v8/include/v8.h:1812:24: note: static v8::Local<v8::String> v8::String::NewExternal(v8::String::ExternalAsciiStringResource*)
/home/pi/.node-gyp/0.11.12/deps/v8/include/v8.h:1812:24: note:   candidate expects 1 argument, 2 provided
../node_modules/nan/nan.h: In function ‘void NanSetTemplate(v8::Handle<v8::Template>, const char*, v8::Handle<v8::Data>)’:
../node_modules/nan/nan.h:538:54: error: no matching function for call to ‘v8::Template::Set(v8::Isolate*, const char*&, v8::Handle<v8::Data>&)’
../node_modules/nan/nan.h:538:54: note: candidates are:
/home/pi/.node-gyp/0.11.12/deps/v8/include/v8.h:3062:8: note: void v8::Template::Set(v8::Handle<v8::String>, v8::Handle<v8::Data>, v8::PropertyAttribute)
/home/pi/.node-gyp/0.11.12/deps/v8/include/v8.h:3062:8: note:   no known conversion for argument 1 from ‘v8::Isolate*’ to ‘v8::Handle<v8::String>’
/home/pi/.node-gyp/0.11.12/deps/v8/include/v8.h:5973:6: note: void v8::Template::Set(const char*, v8::Handle<v8::Data>)
/home/pi/.node-gyp/0.11.12/deps/v8/include/v8.h:5973:6: note:   candidate expects 2 arguments, 3 provided
../node_modules/nan/nan.h: In function ‘v8::Local<v8::Script> NanCompileScript(v8::Local<v8::String>, const v8::ScriptOrigin&)’:
../node_modules/nan/nan.h:803:9: error: ‘v8::ScriptCompiler’ has not been declared
../node_modules/nan/nan.h:803:32: error: expected ‘;’ before ‘source’
../node_modules/nan/nan.h:804:16: error: ‘v8::ScriptCompiler’ has not been declared
../node_modules/nan/nan.h:804:68: error: ‘source’ was not declared in this scope
../node_modules/nan/nan.h: In function ‘v8::Local<v8::Script> NanCompileScript(v8::Local<v8::String>)’:
../node_modules/nan/nan.h:810:9: error: ‘v8::ScriptCompiler’ has not been declared
../node_modules/nan/nan.h:810:32: error: expected ‘;’ before ‘source’
../node_modules/nan/nan.h:811:16: error: ‘v8::ScriptCompiler’ has not been declared
../node_modules/nan/nan.h:811:68: error: ‘source’ was not declared in this scope
../node_modules/nan/nan.h: At global scope:
../node_modules/nan/nan.h:815:18: error: ‘NanUnboundScript’ was not declared in this scope
../node_modules/nan/nan.h:815:34: error: template argument 1 is invalid
../node_modules/nan/nan.h: In function ‘v8::Local<v8::Value> NanRunScript(int)’:
../node_modules/nan/nan.h:817:18: error: base operand of ‘->’ is not a pointer
../node_modules/nan/nan.h: In function ‘v8::Local<v8::Value> NanMakeCallback(v8::Handle<v8::Object>, v8::Handle<v8::Function>, int, v8::Handle<v8::Value>*)’:
../node_modules/nan/nan.h:832:60: error: no matching function for call to ‘MakeCallback(v8::Isolate*, v8::Handle<v8::Object>&, v8::Handle<v8::Function>&, int&, v8::Handle<v8::Value>*&)’
../node_modules/nan/nan.h:832:60: note: candidates are:
/home/pi/.node-gyp/0.11.12/src/node.h:116:35: note: v8::Handle<v8::Value> node::MakeCallback(v8::Handle<v8::Object>, const char*, int, v8::Handle<v8::Value>*)
/home/pi/.node-gyp/0.11.12/src/node.h:116:35: note:   candidate expects 4 arguments, 5 provided
/home/pi/.node-gyp/0.11.12/src/node.h:121:35: note: v8::Handle<v8::Value> node::MakeCallback(v8::Handle<v8::Object>, v8::Handle<v8::String>, int, v8::Handle<v8::Value>*)
/home/pi/.node-gyp/0.11.12/src/node.h:121:35: note:   candidate expects 4 arguments, 5 provided
/home/pi/.node-gyp/0.11.12/src/node.h:126:35: note: v8::Handle<v8::Value> node::MakeCallback(v8::Handle<v8::Object>, v8::Handle<v8::Function>, int, v8::Handle<v8::Value>*)
/home/pi/.node-gyp/0.11.12/src/node.h:126:35: note:   candidate expects 4 arguments, 5 provided
../node_modules/nan/nan.h: In function ‘v8::Local<v8::Value> NanMakeCallback(v8::Handle<v8::Object>, v8::Handle<v8::String>, int, v8::Handle<v8::Value>*)’:
../node_modules/nan/nan.h:841:62: error: no matching function for call to ‘MakeCallback(v8::Isolate*, v8::Handle<v8::Object>&, v8::Handle<v8::String>&, int&, v8::Handle<v8::Value>*&)’
../node_modules/nan/nan.h:841:62: note: candidates are:
/home/pi/.node-gyp/0.11.12/src/node.h:116:35: note: v8::Handle<v8::Value> node::MakeCallback(v8::Handle<v8::Object>, const char*, int, v8::Handle<v8::Value>*)
/home/pi/.node-gyp/0.11.12/src/node.h:116:35: note:   candidate expects 4 arguments, 5 provided
/home/pi/.node-gyp/0.11.12/src/node.h:121:35: note: v8::Handle<v8::Value> node::MakeCallback(v8::Handle<v8::Object>, v8::Handle<v8::String>, int, v8::Handle<v8::Value>*)
/home/pi/.node-gyp/0.11.12/src/node.h:121:35: note:   candidate expects 4 arguments, 5 provided
/home/pi/.node-gyp/0.11.12/src/node.h:126:35: note: v8::Handle<v8::Value> node::MakeCallback(v8::Handle<v8::Object>, v8::Handle<v8::Function>, int, v8::Handle<v8::Value>*)
/home/pi/.node-gyp/0.11.12/src/node.h:126:35: note:   candidate expects 4 arguments, 5 provided
../node_modules/nan/nan.h: In function ‘v8::Local<v8::Value> NanMakeCallback(v8::Handle<v8::Object>, const char*, int, v8::Handle<v8::Value>*)’:
../node_modules/nan/nan.h:850:62: error: no matching function for call to ‘MakeCallback(v8::Isolate*, v8::Handle<v8::Object>&, const char*&, int&, v8::Handle<v8::Value>*&)’
../node_modules/nan/nan.h:850:62: note: candidates are:
/home/pi/.node-gyp/0.11.12/src/node.h:116:35: note: v8::Handle<v8::Value> node::MakeCallback(v8::Handle<v8::Object>, const char*, int, v8::Handle<v8::Value>*)
/home/pi/.node-gyp/0.11.12/src/node.h:116:35: note:   candidate expects 4 arguments, 5 provided
/home/pi/.node-gyp/0.11.12/src/node.h:121:35: note: v8::Handle<v8::Value> node::MakeCallback(v8::Handle<v8::Object>, v8::Handle<v8::String>, int, v8::Handle<v8::Value>*)
/home/pi/.node-gyp/0.11.12/src/node.h:121:35: note:   candidate expects 4 arguments, 5 provided
/home/pi/.node-gyp/0.11.12/src/node.h:126:35: note: v8::Handle<v8::Value> node::MakeCallback(v8::Handle<v8::Object>, v8::Handle<v8::Function>, int, v8::Handle<v8::Value>*)
/home/pi/.node-gyp/0.11.12/src/node.h:126:35: note:   candidate expects 4 arguments, 5 provided
../node_modules/nan/nan.h: In function ‘T* NanGetIsolateData(v8::Isolate*)’:
../node_modules/nan/nan.h:865:48: error: no matching function for call to ‘v8::Isolate::GetData(int)’
../node_modules/nan/nan.h:865:48: note: candidate is:
/home/pi/.node-gyp/0.11.12/deps/v8/include/v8.h:6432:7: note: void* v8::Isolate::GetData()
/home/pi/.node-gyp/0.11.12/deps/v8/include/v8.h:6432:7: note:   candidate expects 0 arguments, 1 provided
../node_modules/nan/nan.h: In member function ‘v8::Handle<v8::Value> NanCallback::Call(int, v8::Handle<v8::Value>*) const’:
../node_modules/nan/nan.h:1824:12: error: no matching function for call to ‘MakeCallback(v8::Isolate*&, v8::Local<v8::Object>, v8::Local<v8::Function>&, int&, v8::Handle<v8::Value>*&)’
../node_modules/nan/nan.h:1824:12: note: candidates are:
/home/pi/.node-gyp/0.11.12/src/node.h:116:35: note: v8::Handle<v8::Value> node::MakeCallback(v8::Handle<v8::Object>, const char*, int, v8::Handle<v8::Value>*)
/home/pi/.node-gyp/0.11.12/src/node.h:116:35: note:   candidate expects 4 arguments, 5 provided
/home/pi/.node-gyp/0.11.12/src/node.h:121:35: note: v8::Handle<v8::Value> node::MakeCallback(v8::Handle<v8::Object>, v8::Handle<v8::String>, int, v8::Handle<v8::Value>*)
/home/pi/.node-gyp/0.11.12/src/node.h:121:35: note:   candidate expects 4 arguments, 5 provided
/home/pi/.node-gyp/0.11.12/src/node.h:126:35: note: v8::Handle<v8::Value> node::MakeCallback(v8::Handle<v8::Object>, v8::Handle<v8::Function>, int, v8::Handle<v8::Value>*)
/home/pi/.node-gyp/0.11.12/src/node.h:126:35: note:   candidate expects 4 arguments, 5 provided
../node_modules/nan/nan.h: In function ‘v8::Local<T> NanNew(P) [with T = v8::Integer, P = int]’:
../node_modules/nan/nan.h:464:35:   instantiated from here
../node_modules/nan/nan.h:181:50: error: invalid conversion from ‘v8::Isolate*’ to ‘int32_t {aka int}’ [-fpermissive]
/home/pi/.node-gyp/0.11.12/deps/v8/include/v8.h:1964:25: error:   initializing argument 1 of ‘static v8::Local<v8::Integer> v8::Integer::New(int32_t, v8::Isolate*)’ [-fpermissive]
../node_modules/nan/nan.h:181:50: error: invalid conversion from ‘int’ to ‘v8::Isolate*’ [-fpermissive]
/home/pi/.node-gyp/0.11.12/deps/v8/include/v8.h:1964:25: error:   initializing argument 2 of ‘static v8::Local<v8::Integer> v8::Integer::New(int32_t, v8::Isolate*)’ [-fpermissive]
../node_modules/nan/nan.h: In function ‘v8::Local<T> NanNew(P) [with T = v8::Boolean, P = bool]’:
../node_modules/nan/nan.h:472:35:   instantiated from here
../node_modules/nan/nan.h:181:50: error: no matching function for call to ‘v8::Boolean::New(v8::Isolate*, bool&)’
../node_modules/nan/nan.h:181:50: note: candidate is:
/home/pi/.node-gyp/0.11.12/deps/v8/include/v8.h:5967:17: note: static v8::Handle<v8::Boolean> v8::Boolean::New(bool)
/home/pi/.node-gyp/0.11.12/deps/v8/include/v8.h:5967:17: note:   candidate expects 1 argument, 2 provided
../node_modules/nan/nan.h: In function ‘v8::Local<T> NanNew() [with T = v8::Object]’:
../node_modules/nan/nan.h:1786:52:   instantiated from here
../node_modules/nan/nan.h:176:44: error: no matching function for call to ‘v8::Object::New(v8::Isolate*)’
../node_modules/nan/nan.h:176:44: note: candidate is:
/home/pi/.node-gyp/0.11.12/deps/v8/include/v8.h:2307:24: note: static v8::Local<v8::Object> v8::Object::New()
/home/pi/.node-gyp/0.11.12/deps/v8/include/v8.h:2307:24: note:   candidate expects 0 arguments, 1 provided
../node_modules/nan/nan.h: In function ‘v8::Local<v8::FunctionTemplate> NanNew(NanFunctionCallback, v8::Handle<v8::Value>, v8::Handle<v8::Signature>) [with T = v8::FunctionTemplate, NanFunctionCallback = void (*)(const v8::FunctionCallbackInfo<v8::Value>&)]’:
../ext/bson.cc:668:58:   instantiated from here
../node_modules/nan/nan.h:197:71: error: no matching function for call to ‘v8::FunctionTemplate::New(v8::Isolate*, void (*&)(const v8::FunctionCallbackInfo<v8::Value>&), v8::Handle<v8::Value>&, v8::Handle<v8::Signature>&)’
../node_modules/nan/nan.h:197:71: note: candidate is:
/home/pi/.node-gyp/0.11.12/deps/v8/include/v8.h:3346:34: note: static v8::Local<v8::FunctionTemplate> v8::FunctionTemplate::New(v8::FunctionCallback, v8::Handle<v8::Value>, v8::Handle<v8::Signature>, int)
/home/pi/.node-gyp/0.11.12/deps/v8/include/v8.h:3346:34: note:   no known conversion for argument 1 from ‘v8::Isolate*’ to ‘v8::FunctionCallback {aka void (*)(const v8::FunctionCallbackInfo<v8::Value>&)}’
../node_modules/nan/nan.h:198:3: warning: control reaches end of non-void function [-Wreturn-type]
../node_modules/nan/nan.h: In function ‘v8::Local<T> NanNew() [with T = v8::Object]’:
../node_modules/nan/nan.h:177:3: warning: control reaches end of non-void function [-Wreturn-type]
../node_modules/nan/nan.h: In function ‘v8::Local<T> NanNew(P) [with T = v8::Date, P = double]’:
../node_modules/nan/nan.h:228:3: warning: control reaches end of non-void function [-Wreturn-type]
../node_modules/nan/nan.h: In member function ‘v8::Handle<v8::Value> NanCallback::Call(int, v8::Handle<v8::Value>*) const’:
../node_modules/nan/nan.h:1848:3: warning: control reaches end of non-void function [-Wreturn-type]
make: *** [Release/obj.target/bson/ext/bson.o] Error 1
gyp ERR! build error 
gyp ERR! stack Error: `make` failed with exit code: 2
gyp ERR! stack     at ChildProcess.onExit (/opt/node/lib/node_modules/npm/node_modules/node-gyp/lib/build.js:267:23)
gyp ERR! stack     at ChildProcess.EventEmitter.emit (events.js:107:17)
gyp ERR! stack     at Process.ChildProcess._handle.onexit (child_process.js:1045:12)
gyp ERR! System Linux 3.4.90
gyp ERR! command "node" "/opt/node/lib/node_modules/npm/node_modules/node-gyp/bin/node-gyp.js" "rebuild"
gyp ERR! cwd /home/pi/snake/node_modules/mongoose/node_modules/mongodb/node_modules/bson
gyp ERR! node -v v0.11.12
gyp ERR! node-gyp -v v0.12.2
gyp ERR! not ok 
