In file included from ../src/bufferutil.cc:15:0:
../node_modules/nan/nan.h: In function ‘v8::Local<v8::Signature> NanNew(v8::Handle<v8::FunctionTemplate>, int, v8::Handle<v8::FunctionTemplate>*)’:
../node_modules/nan/nan.h:207:78: error: no matching function for call to ‘v8::Signature::New(v8::Isolate*&, v8::Handle<v8::FunctionTemplate>&, int&, v8::Handle<v8::FunctionTemplate>*&)’
../node_modules/nan/nan.h:207:78: note: candidate is:
/home/pi/.node-gyp/0.11.12/deps/v8/include/v8.h:3585:27: note: static v8::Local<v8::Signature> v8::Signature::New(v8::Handle<v8::FunctionTemplate>, int, v8::Handle<v8::FunctionTemplate>*)
/home/pi/.node-gyp/0.11.12/deps/v8/include/v8.h:3585:27: note:   candidate expects 3 arguments, 4 provided
../node_modules/nan/nan.h: In function ‘v8::Local<T> NanNew() [with T = v8::Array]’:
../node_modules/nan/nan.h:235:52: error: invalid conversion from ‘v8::Isolate*’ to ‘int’ [-fpermissive]
/home/pi/.node-gyp/0.11.12/deps/v8/include/v8.h:2335:23: error:   initializing argument 1 of ‘static v8::Local<v8::Array> v8::Array::New(int)’ [-fpermissive]
../node_modules/nan/nan.h: In function ‘v8::Local<T> NanNew(P) [with T = v8::Array, P = int]’:
../node_modules/nan/nan.h:240:60: error: no matching function for call to ‘v8::Array::New(v8::Isolate*, int&)’
../node_modules/nan/nan.h:240:60: note: candidate is:
/home/pi/.node-gyp/0.11.12/deps/v8/include/v8.h:2335:23: note: static v8::Local<v8::Array> v8::Array::New(int)
/home/pi/.node-gyp/0.11.12/deps/v8/include/v8.h:2335:23: note:   candidate expects 1 argument, 2 provided
../node_modules/nan/nan.h: In function ‘v8::Local<T> NanNew(P) [with T = v8::Date, P = double]’:
../node_modules/nan/nan.h:245:57: error: no matching function for call to ‘v8::Date::New(v8::Isolate*, double&)’
../node_modules/nan/nan.h:245:57: note: candidate is:
/home/pi/.node-gyp/0.11.12/deps/v8/include/v8.h:2866:23: note: static v8::Local<v8::Value> v8::Date::New(double)
/home/pi/.node-gyp/0.11.12/deps/v8/include/v8.h:2866:23: note:   candidate expects 1 argument, 2 provided
../node_modules/nan/nan.h:245:70: error: expected primary-expression before ‘>’ token
../node_modules/nan/nan.h:245:72: error: expected primary-expression before ‘)’ token
../node_modules/nan/nan.h: In function ‘v8::Local<T> NanNew(P) [with T = v8::Date, P = int]’:
../node_modules/nan/nan.h:250:57: error: no matching function for call to ‘v8::Date::New(v8::Isolate*, int&)’
../node_modules/nan/nan.h:250:57: note: candidate is:
/home/pi/.node-gyp/0.11.12/deps/v8/include/v8.h:2866:23: note: static v8::Local<v8::Value> v8::Date::New(double)
/home/pi/.node-gyp/0.11.12/deps/v8/include/v8.h:2866:23: note:   candidate expects 1 argument, 2 provided
../node_modules/nan/nan.h:250:70: error: expected primary-expression before ‘>’ token
../node_modules/nan/nan.h:250:72: error: expected primary-expression before ‘)’ token
../node_modules/nan/nan.h: At global scope:
../node_modules/nan/nan.h:253:11: error: ‘UnboundScript’ in namespace ‘v8’ does not name a type
../node_modules/nan/nan.h: In function ‘v8::Local<T> NanNew(P, const v8::ScriptOrigin&)’:
../node_modules/nan/nan.h:261:9: error: ‘v8::ScriptCompiler’ has not been declared
../node_modules/nan/nan.h:261:32: error: expected ‘;’ before ‘source’
../node_modules/nan/nan.h:262:16: error: ‘v8::ScriptCompiler’ has not been declared
../node_modules/nan/nan.h:263:37: error: ‘source’ was not declared in this scope
../node_modules/nan/nan.h: At global scope:
../node_modules/nan/nan.h:267:24: error: ‘NanUnboundScript’ was not declared in this scope
../node_modules/nan/nan.h:267:40: error: template argument 1 is invalid
../node_modules/nan/nan.h:267:49: error: ‘NanUnboundScript’ was not declared in this scope
../node_modules/nan/nan.h:267:42: error: template-id ‘NanNew<<expression error> >’ for ‘int NanNew(v8::Local<v8::String>)’ does not match any template declaration
../node_modules/nan/nan.h: In function ‘v8::Local<T> NanNew(P) [with T = v8::NumberObject, P = double]’:
../node_modules/nan/nan.h:297:39: error: no matching function for call to ‘v8::NumberObject::New(v8::Isolate*, double&)’
../node_modules/nan/nan.h:297:39: note: candidate is:
/home/pi/.node-gyp/0.11.12/deps/v8/include/v8.h:2904:23: note: static v8::Local<v8::Value> v8::NumberObject::New(double)
/home/pi/.node-gyp/0.11.12/deps/v8/include/v8.h:2904:23: note:   candidate expects 1 argument, 2 provided
../node_modules/nan/nan.h:297:60: error: expected primary-expression before ‘>’ token
../node_modules/nan/nan.h:297:62: error: expected primary-expression before ‘)’ token
../node_modules/nan/nan.h: In function ‘v8::Local<T> NanNew(P) [with T = v8::Uint32, P = int]’:
../node_modules/nan/nan.h:327:39: error: invalid conversion from ‘v8::Isolate*’ to ‘uint32_t {aka unsigned int}’ [-fpermissive]
/home/pi/.node-gyp/0.11.12/deps/v8/include/v8.h:1965:25: error:   initializing argument 1 of ‘static v8::Local<v8::Integer> v8::Integer::NewFromUnsigned(uint32_t, v8::Isolate*)’ [-fpermissive]
../node_modules/nan/nan.h:327:39: error: invalid conversion from ‘int32_t {aka int}’ to ‘v8::Isolate*’ [-fpermissive]
/home/pi/.node-gyp/0.11.12/deps/v8/include/v8.h:1965:25: error:   initializing argument 2 of ‘static v8::Local<v8::Integer> v8::Integer::NewFromUnsigned(uint32_t, v8::Isolate*)’ [-fpermissive]
../node_modules/nan/nan.h: In function ‘v8::Local<T> NanNew(P) [with T = v8::Uint32, P = unsigned int]’:
../node_modules/nan/nan.h:333:39: error: invalid conversion from ‘v8::Isolate*’ to ‘uint32_t {aka unsigned int}’ [-fpermissive]
/home/pi/.node-gyp/0.11.12/deps/v8/include/v8.h:1965:25: error:   initializing argument 1 of ‘static v8::Local<v8::Integer> v8::Integer::NewFromUnsigned(uint32_t, v8::Isolate*)’ [-fpermissive]
../node_modules/nan/nan.h:333:39: error: invalid conversion from ‘uint32_t {aka unsigned int}’ to ‘v8::Isolate*’ [-fpermissive]
/home/pi/.node-gyp/0.11.12/deps/v8/include/v8.h:1965:25: error:   initializing argument 2 of ‘static v8::Local<v8::Integer> v8::Integer::NewFromUnsigned(uint32_t, v8::Isolate*)’ [-fpermissive]
../node_modules/nan/nan.h: In function ‘v8::Local<T> NanNew(P) [with T = v8::Int32, P = int]’:
../node_modules/nan/nan.h:338:57: error: invalid conversion from ‘v8::Isolate*’ to ‘int32_t {aka int}’ [-fpermissive]
/home/pi/.node-gyp/0.11.12/deps/v8/include/v8.h:1964:25: error:   initializing argument 1 of ‘static v8::Local<v8::Integer> v8::Integer::New(int32_t, v8::Isolate*)’ [-fpermissive]
../node_modules/nan/nan.h:338:57: error: invalid conversion from ‘int32_t {aka int}’ to ‘v8::Isolate*’ [-fpermissive]
/home/pi/.node-gyp/0.11.12/deps/v8/include/v8.h:1964:25: error:   initializing argument 2 of ‘static v8::Local<v8::Integer> v8::Integer::New(int32_t, v8::Isolate*)’ [-fpermissive]
../node_modules/nan/nan.h: In function ‘v8::Local<T> NanNew(P) [with T = v8::Int32, P = unsigned int]’:
../node_modules/nan/nan.h:343:57: error: invalid conversion from ‘v8::Isolate*’ to ‘int32_t {aka int}’ [-fpermissive]
/home/pi/.node-gyp/0.11.12/deps/v8/include/v8.h:1964:25: error:   initializing argument 1 of ‘static v8::Local<v8::Integer> v8::Integer::New(int32_t, v8::Isolate*)’ [-fpermissive]
../node_modules/nan/nan.h:343:57: error: invalid conversion from ‘uint32_t {aka unsigned int}’ to ‘v8::Isolate*’ [-fpermissive]
/home/pi/.node-gyp/0.11.12/deps/v8/include/v8.h:1964:25: error:   initializing argument 2 of ‘static v8::Local<v8::Integer> v8::Integer::New(int32_t, v8::Isolate*)’ [-fpermissive]
../node_modules/nan/nan.h: In function ‘v8::Local<T> NanNew(P) [with T = v8::Integer, P = unsigned int]’:
../node_modules/nan/nan.h:348:71: error: invalid conversion from ‘v8::Isolate*’ to ‘uint32_t {aka unsigned int}’ [-fpermissive]
/home/pi/.node-gyp/0.11.12/deps/v8/include/v8.h:1965:25: error:   initializing argument 1 of ‘static v8::Local<v8::Integer> v8::Integer::NewFromUnsigned(uint32_t, v8::Isolate*)’ [-fpermissive]
../node_modules/nan/nan.h:348:71: error: invalid conversion from ‘uint32_t {aka unsigned int}’ to ‘v8::Isolate*’ [-fpermissive]
/home/pi/.node-gyp/0.11.12/deps/v8/include/v8.h:1965:25: error:   initializing argument 2 of ‘static v8::Local<v8::Integer> v8::Integer::NewFromUnsigned(uint32_t, v8::Isolate*)’ [-fpermissive]
../node_modules/nan/nan.h: In function ‘v8::Local<v8::String> NanNew(v8::String::ExternalStringResource*)’:
../node_modules/nan/nan.h:500:71: error: no matching function for call to ‘v8::String::NewExternal(v8::Isolate*, v8::String::ExternalStringResource*&)’
../node_modules/nan/nan.h:500:71: note: candidates are:
/home/pi/.node-gyp/0.11.12/deps/v8/include/v8.h:1791:24: note: static v8::Local<v8::String> v8::String::NewExternal(v8::String::ExternalStringResource*)
/home/pi/.node-gyp/0.11.12/deps/v8/include/v8.h:1791:24: note:   candidate expects 1 argument, 2 provided
/home/pi/.node-gyp/0.11.12/deps/v8/include/v8.h:1812:24: note: static v8::Local<v8::String> v8::String::NewExternal(v8::String::ExternalAsciiStringResource*)
/home/pi/.node-gyp/0.11.12/deps/v8/include/v8.h:1812:24: note:   candidate expects 1 argument, 2 provided
../node_modules/nan/nan.h: In function ‘v8::Local<v8::String> NanNew(v8::String::ExternalAsciiStringResource*)’:
../node_modules/nan/nan.h:505:71: error: no matching function for call to ‘v8::String::NewExternal(v8::Isolate*, v8::String::ExternalAsciiStringResource*&)’
../node_modules/nan/nan.h:505:71: note: candidates are:
/home/pi/.node-gyp/0.11.12/deps/v8/include/v8.h:1791:24: note: static v8::Local<v8::String> v8::String::NewExternal(v8::String::ExternalStringResource*)
/home/pi/.node-gyp/0.11.12/deps/v8/include/v8.h:1791:24: note:   candidate expects 1 argument, 2 provided
/home/pi/.node-gyp/0.11.12/deps/v8/include/v8.h:1812:24: note: static v8::Local<v8::String> v8::String::NewExternal(v8::String::ExternalAsciiStringResource*)
/home/pi/.node-gyp/0.11.12/deps/v8/include/v8.h:1812:24: note:   candidate expects 1 argument, 2 provided
../node_modules/nan/nan.h: In function ‘void NanSetTemplate(v8::Handle<v8::Template>, const char*, v8::Handle<v8::Data>)’:
../node_modules/nan/nan.h:553:54: error: no matching function for call to ‘v8::Template::Set(v8::Isolate*, const char*&, v8::Handle<v8::Data>&)’
../node_modules/nan/nan.h:553:54: note: candidates are:
/home/pi/.node-gyp/0.11.12/deps/v8/include/v8.h:3062:8: note: void v8::Template::Set(v8::Handle<v8::String>, v8::Handle<v8::Data>, v8::PropertyAttribute)
/home/pi/.node-gyp/0.11.12/deps/v8/include/v8.h:3062:8: note:   no known conversion for argument 1 from ‘v8::Isolate*’ to ‘v8::Handle<v8::String>’
/home/pi/.node-gyp/0.11.12/deps/v8/include/v8.h:5973:6: note: void v8::Template::Set(const char*, v8::Handle<v8::Data>)
/home/pi/.node-gyp/0.11.12/deps/v8/include/v8.h:5973:6: note:   candidate expects 2 arguments, 3 provided
../node_modules/nan/nan.h: In function ‘v8::Local<v8::Script> NanCompileScript(v8::Local<v8::String>, const v8::ScriptOrigin&)’:
../node_modules/nan/nan.h:821:9: error: ‘v8::ScriptCompiler’ has not been declared
../node_modules/nan/nan.h:821:32: error: expected ‘;’ before ‘source’
../node_modules/nan/nan.h:822:16: error: ‘v8::ScriptCompiler’ has not been declared
../node_modules/nan/nan.h:822:68: error: ‘source’ was not declared in this scope
../node_modules/nan/nan.h: In function ‘v8::Local<v8::Script> NanCompileScript(v8::Local<v8::String>)’:
../node_modules/nan/nan.h:828:9: error: ‘v8::ScriptCompiler’ has not been declared
../node_modules/nan/nan.h:828:32: error: expected ‘;’ before ‘source’
../node_modules/nan/nan.h:829:16: error: ‘v8::ScriptCompiler’ has not been declared
../node_modules/nan/nan.h:829:68: error: ‘source’ was not declared in this scope
../node_modules/nan/nan.h: At global scope:
../node_modules/nan/nan.h:833:18: error: ‘NanUnboundScript’ was not declared in this scope
../node_modules/nan/nan.h:833:34: error: template argument 1 is invalid
../node_modules/nan/nan.h: In function ‘v8::Local<v8::Value> NanRunScript(int)’:
../node_modules/nan/nan.h:835:18: error: base operand of ‘->’ is not a pointer
../node_modules/nan/nan.h: In function ‘v8::Local<v8::Value> NanMakeCallback(v8::Handle<v8::Object>, v8::Handle<v8::Function>, int, v8::Handle<v8::Value>*)’:
../node_modules/nan/nan.h:850:60: error: no matching function for call to ‘MakeCallback(v8::Isolate*, v8::Handle<v8::Object>&, v8::Handle<v8::Function>&, int&, v8::Handle<v8::Value>*&)’
../node_modules/nan/nan.h:850:60: note: candidates are:
/home/pi/.node-gyp/0.11.12/src/node.h:116:35: note: v8::Handle<v8::Value> node::MakeCallback(v8::Handle<v8::Object>, const char*, int, v8::Handle<v8::Value>*)
/home/pi/.node-gyp/0.11.12/src/node.h:116:35: note:   candidate expects 4 arguments, 5 provided
/home/pi/.node-gyp/0.11.12/src/node.h:121:35: note: v8::Handle<v8::Value> node::MakeCallback(v8::Handle<v8::Object>, v8::Handle<v8::String>, int, v8::Handle<v8::Value>*)
/home/pi/.node-gyp/0.11.12/src/node.h:121:35: note:   candidate expects 4 arguments, 5 provided
/home/pi/.node-gyp/0.11.12/src/node.h:126:35: note: v8::Handle<v8::Value> node::MakeCallback(v8::Handle<v8::Object>, v8::Handle<v8::Function>, int, v8::Handle<v8::Value>*)
/home/pi/.node-gyp/0.11.12/src/node.h:126:35: note:   candidate expects 4 arguments, 5 provided
../node_modules/nan/nan.h: In function ‘v8::Local<v8::Value> NanMakeCallback(v8::Handle<v8::Object>, v8::Handle<v8::String>, int, v8::Handle<v8::Value>*)’:
../node_modules/nan/nan.h:859:62: error: no matching function for call to ‘MakeCallback(v8::Isolate*, v8::Handle<v8::Object>&, v8::Handle<v8::String>&, int&, v8::Handle<v8::Value>*&)’
../node_modules/nan/nan.h:859:62: note: candidates are:
/home/pi/.node-gyp/0.11.12/src/node.h:116:35: note: v8::Handle<v8::Value> node::MakeCallback(v8::Handle<v8::Object>, const char*, int, v8::Handle<v8::Value>*)
/home/pi/.node-gyp/0.11.12/src/node.h:116:35: note:   candidate expects 4 arguments, 5 provided
/home/pi/.node-gyp/0.11.12/src/node.h:121:35: note: v8::Handle<v8::Value> node::MakeCallback(v8::Handle<v8::Object>, v8::Handle<v8::String>, int, v8::Handle<v8::Value>*)
/home/pi/.node-gyp/0.11.12/src/node.h:121:35: note:   candidate expects 4 arguments, 5 provided
/home/pi/.node-gyp/0.11.12/src/node.h:126:35: note: v8::Handle<v8::Value> node::MakeCallback(v8::Handle<v8::Object>, v8::Handle<v8::Function>, int, v8::Handle<v8::Value>*)
/home/pi/.node-gyp/0.11.12/src/node.h:126:35: note:   candidate expects 4 arguments, 5 provided
../node_modules/nan/nan.h: In function ‘v8::Local<v8::Value> NanMakeCallback(v8::Handle<v8::Object>, const char*, int, v8::Handle<v8::Value>*)’:
../node_modules/nan/nan.h:868:62: error: no matching function for call to ‘MakeCallback(v8::Isolate*, v8::Handle<v8::Object>&, const char*&, int&, v8::Handle<v8::Value>*&)’
../node_modules/nan/nan.h:868:62: note: candidates are:
/home/pi/.node-gyp/0.11.12/src/node.h:116:35: note: v8::Handle<v8::Value> node::MakeCallback(v8::Handle<v8::Object>, const char*, int, v8::Handle<v8::Value>*)
/home/pi/.node-gyp/0.11.12/src/node.h:116:35: note:   candidate expects 4 arguments, 5 provided
/home/pi/.node-gyp/0.11.12/src/node.h:121:35: note: v8::Handle<v8::Value> node::MakeCallback(v8::Handle<v8::Object>, v8::Handle<v8::String>, int, v8::Handle<v8::Value>*)
/home/pi/.node-gyp/0.11.12/src/node.h:121:35: note:   candidate expects 4 arguments, 5 provided
/home/pi/.node-gyp/0.11.12/src/node.h:126:35: note: v8::Handle<v8::Value> node::MakeCallback(v8::Handle<v8::Object>, v8::Handle<v8::Function>, int, v8::Handle<v8::Value>*)
/home/pi/.node-gyp/0.11.12/src/node.h:126:35: note:   candidate expects 4 arguments, 5 provided
../node_modules/nan/nan.h: In function ‘T* NanGetIsolateData(v8::Isolate*)’:
../node_modules/nan/nan.h:883:48: error: no matching function for call to ‘v8::Isolate::GetData(int)’
../node_modules/nan/nan.h:883:48: note: candidate is:
/home/pi/.node-gyp/0.11.12/deps/v8/include/v8.h:6432:7: note: void* v8::Isolate::GetData()
/home/pi/.node-gyp/0.11.12/deps/v8/include/v8.h:6432:7: note:   candidate expects 0 arguments, 1 provided
../node_modules/nan/nan.h: In member function ‘v8::Handle<v8::Value> NanCallback::Call(int, v8::Handle<v8::Value>*) const’:
../node_modules/nan/nan.h:1907:12: error: no matching function for call to ‘MakeCallback(v8::Isolate*&, v8::Local<v8::Object>, v8::Local<v8::Function>&, int&, v8::Handle<v8::Value>*&)’
../node_modules/nan/nan.h:1907:12: note: candidates are:
/home/pi/.node-gyp/0.11.12/src/node.h:116:35: note: v8::Handle<v8::Value> node::MakeCallback(v8::Handle<v8::Object>, const char*, int, v8::Handle<v8::Value>*)
/home/pi/.node-gyp/0.11.12/src/node.h:116:35: note:   candidate expects 4 arguments, 5 provided
/home/pi/.node-gyp/0.11.12/src/node.h:121:35: note: v8::Handle<v8::Value> node::MakeCallback(v8::Handle<v8::Object>, v8::Handle<v8::String>, int, v8::Handle<v8::Value>*)
/home/pi/.node-gyp/0.11.12/src/node.h:121:35: note:   candidate expects 4 arguments, 5 provided
/home/pi/.node-gyp/0.11.12/src/node.h:126:35: note: v8::Handle<v8::Value> node::MakeCallback(v8::Handle<v8::Object>, v8::Handle<v8::Function>, int, v8::Handle<v8::Value>*)
/home/pi/.node-gyp/0.11.12/src/node.h:126:35: note:   candidate expects 4 arguments, 5 provided
../src/bufferutil.cc: In static member function ‘static void BufferUtil::Initialize(v8::Handle<v8::Object>)’:
../src/bufferutil.cc:32:17: warning: ‘v8::Local<v8::String> NanSymbol(const char*, int)’ is deprecated (declared at ../node_modules/nan/nan.h:611) [-Wdeprecated-declarations]
../src/bufferutil.cc:32:39: warning: ‘v8::Local<v8::String> NanSymbol(const char*, int)’ is deprecated (declared at ../node_modules/nan/nan.h:611) [-Wdeprecated-declarations]
In file included from ../src/bufferutil.cc:15:0:
../node_modules/nan/nan.h: In function ‘v8::Local<T> NanNew(P) [with T = v8::Integer, P = int]’:
../node_modules/nan/nan.h:487:35:   instantiated from here
../node_modules/nan/nan.h:199:50: error: invalid conversion from ‘v8::Isolate*’ to ‘int32_t {aka int}’ [-fpermissive]
/home/pi/.node-gyp/0.11.12/deps/v8/include/v8.h:1964:25: error:   initializing argument 1 of ‘static v8::Local<v8::Integer> v8::Integer::New(int32_t, v8::Isolate*)’ [-fpermissive]
../node_modules/nan/nan.h:199:50: error: invalid conversion from ‘int’ to ‘v8::Isolate*’ [-fpermissive]
/home/pi/.node-gyp/0.11.12/deps/v8/include/v8.h:1964:25: error:   initializing argument 2 of ‘static v8::Local<v8::Integer> v8::Integer::New(int32_t, v8::Isolate*)’ [-fpermissive]
../node_modules/nan/nan.h: In function ‘v8::Local<T> NanNew(P) [with T = v8::Boolean, P = bool]’:
../node_modules/nan/nan.h:495:35:   instantiated from here
../node_modules/nan/nan.h:199:50: error: no matching function for call to ‘v8::Boolean::New(v8::Isolate*, bool&)’
../node_modules/nan/nan.h:199:50: note: candidate is:
/home/pi/.node-gyp/0.11.12/deps/v8/include/v8.h:5967:17: note: static v8::Handle<v8::Boolean> v8::Boolean::New(bool)
/home/pi/.node-gyp/0.11.12/deps/v8/include/v8.h:5967:17: note:   candidate expects 1 argument, 2 provided
../node_modules/nan/nan.h: In function ‘v8::Local<T> NanNew() [with T = v8::Object]’:
../node_modules/nan/nan.h:1869:52:   instantiated from here
../node_modules/nan/nan.h:194:44: error: no matching function for call to ‘v8::Object::New(v8::Isolate*)’
../node_modules/nan/nan.h:194:44: note: candidate is:
/home/pi/.node-gyp/0.11.12/deps/v8/include/v8.h:2307:24: note: static v8::Local<v8::Object> v8::Object::New()
/home/pi/.node-gyp/0.11.12/deps/v8/include/v8.h:2307:24: note:   candidate expects 0 arguments, 1 provided
../node_modules/nan/nan.h: In function ‘v8::Local<v8::FunctionTemplate> NanNew(NanFunctionCallback, v8::Handle<v8::Value>, v8::Handle<v8::Signature>) [with T = v8::FunctionTemplate, NanFunctionCallback = void (*)(const v8::FunctionCallbackInfo<v8::Value>&)]’:
../src/bufferutil.cc:27:61:   instantiated from here
../node_modules/nan/nan.h:215:71: error: no matching function for call to ‘v8::FunctionTemplate::New(v8::Isolate*, void (*&)(const v8::FunctionCallbackInfo<v8::Value>&), v8::Handle<v8::Value>&, v8::Handle<v8::Signature>&)’
../node_modules/nan/nan.h:215:71: note: candidate is:
/home/pi/.node-gyp/0.11.12/deps/v8/include/v8.h:3346:34: note: static v8::Local<v8::FunctionTemplate> v8::FunctionTemplate::New(v8::FunctionCallback, v8::Handle<v8::Value>, v8::Handle<v8::Signature>, int)
/home/pi/.node-gyp/0.11.12/deps/v8/include/v8.h:3346:34: note:   no known conversion for argument 1 from ‘v8::Isolate*’ to ‘v8::FunctionCallback {aka void (*)(const v8::FunctionCallbackInfo<v8::Value>&)}’
../node_modules/nan/nan.h:216:3: warning: control reaches end of non-void function [-Wreturn-type]
../node_modules/nan/nan.h: In member function ‘v8::Handle<v8::Value> NanCallback::Call(int, v8::Handle<v8::Value>*) const’:
../node_modules/nan/nan.h:1931:3: warning: control reaches end of non-void function [-Wreturn-type]
make: *** [Release/obj.target/bufferutil/src/bufferutil.o] Error 1
gyp ERR! build error 
gyp ERR! stack Error: `make` failed with exit code: 2
gyp ERR! stack     at ChildProcess.onExit (/opt/node/lib/node_modules/npm/node_modules/node-gyp/lib/build.js:267:23)
gyp ERR! stack     at ChildProcess.EventEmitter.emit (events.js:107:17)
gyp ERR! stack     at Process.ChildProcess._handle.onexit (child_process.js:1045:12)
gyp ERR! System Linux 3.4.90
gyp ERR! command "node" "/opt/node/lib/node_modules/npm/node_modules/node-gyp/bin/node-gyp.js" "rebuild"
gyp ERR! cwd /home/pi/snake/node_modules/socket.io/node_modules/engine.io/node_modules/ws
gyp ERR! node -v v0.11.12
gyp ERR! node-gyp -v v0.12.2
gyp ERR! not ok 
